c:\users\plati\onedrive\documents\visual studio 2015\projects\model2bin\model2bin\debug\vc140.pdb
c:\users\plati\onedrive\documents\visual studio 2015\projects\model2bin\model2bin\debug\mainform.obj
c:\users\plati\onedrive\documents\visual studio 2015\projects\model2bin\model2bin\debug\.netframework,version=v4.5.2.assemblyattributes.obj
c:\users\plati\onedrive\documents\visual studio 2015\projects\model2bin\model2bin\debug\.netframework,version=v4.5.2.assemblyattributes.asm
c:\users\plati\onedrive\documents\visual studio 2015\projects\model2bin\model2bin\debug\entity.obj
c:\users\plati\onedrive\documents\visual studio 2015\projects\model2bin\model2bin\debug\binaryloader.obj
c:\users\plati\onedrive\documents\visual studio 2015\projects\model2bin\model2bin\debug\modelloader.obj
c:\users\plati\onedrive\documents\visual studio 2015\projects\model2bin\model2bin\debug\main.obj
d:\projects\c++\vs2015\model2bin\model2bin\debug\vc140.pdb
d:\projects\c++\vs2015\model2bin\model2bin\debug\modelloader.obj
d:\projects\c++\vs2015\model2bin\model2bin\debug\mainform.obj
d:\projects\c++\vs2015\model2bin\model2bin\debug\main.obj
d:\projects\c++\vs2015\model2bin\model2bin\debug\entity.obj
d:\projects\c++\vs2015\model2bin\model2bin\debug\binaryloader.obj
d:\projects\c++\vs2015\model2bin\model2bin\debug\.netframework,version=v4.5.2.assemblyattributes.obj
d:\projects\c++\vs2015\model2bin\model2bin\debug\.netframework,version=v4.5.2.assemblyattributes.asm
c:\users\plati\onedrive\documents\visual studio 2015\projects\model2bin\debug\model2bin.exe
c:\users\plati\onedrive\documents\visual studio 2015\projects\model2bin\debug\model2bin.pdb
c:\users\plati\onedrive\documents\visual studio 2015\projects\model2bin\model2bin\debug\model2bin.mainform.resources
d:\projects\c++\vs2015\model2bin\model2bin\debug\model2bin.mainform.resources
d:\projects\c++\vs2015\model2bin\model2bin\debug\model2bin.vcxproj.generateresource.cache
d:\projects\c++\vs2015\model2bin\model2bin\debug\model2bin.vcxprojresolveassemblyreference.cache
d:\projects\c++\vs2015\model2bin\debug\model2bin.pdb
d:\projects\c++\vs2015\model2bin\debug\model2bin.exe
d:\projects\c++\vs2015\model2bin\model2bin\debug\model2bin.tlog\cl.command.1.tlog
d:\projects\c++\vs2015\model2bin\model2bin\debug\model2bin.tlog\cl.read.1.tlog
d:\projects\c++\vs2015\model2bin\model2bin\debug\model2bin.tlog\cl.write.1.tlog
d:\projects\c++\vs2015\model2bin\model2bin\debug\model2bin.tlog\link.command.1.tlog
d:\projects\c++\vs2015\model2bin\model2bin\debug\model2bin.tlog\link.read.1.tlog
d:\projects\c++\vs2015\model2bin\model2bin\debug\model2bin.tlog\link.write.1.tlog
d:\projects\c++\vs2015\model2bin\model2bin\debug\model2bin.tlog\metagen.read.1.tlog
d:\projects\c++\vs2015\model2bin\model2bin\debug\model2bin.tlog\metagen.write.1.tlog
d:\projects\c++\vs2015\model2bin\model2bin\debug\model2bin.tlog\model2bin.write.1u.tlog
d:\projects\c++\vs2015\model2bin\model2bin\debug\model2bin.tlog\tzres.dll.bi
